Traceback (most recent call last):
  File "/root/mpi_projects/icaro/SleepEEG/Exp/input_output.py", line 10, in verify_create_dir
    os.stat(path)
FileNotFoundError: [Errno 2] No such file or directory: 'TFF/'

During handling of the above exception, another exception occurred:

Traceback (most recent call last):
  File "main.py", line 402, in <module>
    train_type = train_type)
  File "main.py", line 26, in main
    verify_create_dir(path)
  File "/root/mpi_projects/icaro/SleepEEG/Exp/input_output.py", line 12, in verify_create_dir
    os.mkdir(path) 	
FileExistsError: [Errno 17] File exists: 'TFF/'
Traceback (most recent call last):
  File "main.py", line 402, in <module>
    train_type = train_type)
  File "main.py", line 100, in main
    X_train, y_train, X_test, y_test, n_att = import_all_data(files_wav75_FF,1, 1-train_percent, balance, train_type)
  File "/root/mpi_projects/icaro/SleepEEG/Exp/input_output.py", line 50, in import_all_data
    csvfile = open(file_path,'r')
FileNotFoundError: [Errno 2] No such file or directory: 'data/data_75/wav75_ex1_Filtered.csv'
Traceback (most recent call last):
  File "main.py", line 402, in <module>
    train_type = train_type)
  File "main.py", line 100, in main
    X_train, y_train, X_test, y_test, n_att = import_all_data(files_wav75_FF,1, 1-train_percent, balance, train_type)
  File "/root/mpi_projects/icaro/SleepEEG/Exp/input_output.py", line 50, in import_all_data
    csvfile = open(file_path,'r')
FileNotFoundError: [Errno 2] No such file or directory: 'data/data_75/wav75_ex1_Filtered.csv'
Traceback (most recent call last):
  File "main.py", line 402, in <module>
    train_type = train_type)
  File "main.py", line 100, in main
    X_train, y_train, X_test, y_test, n_att = import_all_data(files_wav75_FF,1, 1-train_percent, balance, train_type)
  File "/root/mpi_projects/icaro/SleepEEG/Exp/input_output.py", line 50, in import_all_data
    csvfile = open(file_path,'r')
FileNotFoundError: [Errno 2] No such file or directory: 'data/data_75/wav75_ex1_Filtered.csv'
Traceback (most recent call last):
  File "main.py", line 402, in <module>
    train_type = train_type)
  File "main.py", line 100, in main
    X_train, y_train, X_test, y_test, n_att = import_all_data(files_wav75_FF,1, 1-train_percent, balance, train_type)
  File "/root/mpi_projects/icaro/SleepEEG/Exp/input_output.py", line 50, in import_all_data
    csvfile = open(file_path,'r')
FileNotFoundError: [Errno 2] No such file or directory: 'data/data_75/wav75_ex1_Filtered.csv'
Traceback (most recent call last):
  File "main.py", line 402, in <module>
    train_type = train_type)
  File "main.py", line 100, in main
    X_train, y_train, X_test, y_test, n_att = import_all_data(files_wav75_FF,1, 1-train_percent, balance, train_type)
  File "/root/mpi_projects/icaro/SleepEEG/Exp/input_output.py", line 50, in import_all_data
    csvfile = open(file_path,'r')
FileNotFoundError: [Errno 2] No such file or directory: 'data/data_75/wav75_ex1_Filtered.csv'
Traceback (most recent call last):
  File "main.py", line 402, in <module>
    train_type = train_type)
  File "main.py", line 100, in main
    X_train, y_train, X_test, y_test, n_att = import_all_data(files_wav75_FF,1, 1-train_percent, balance, train_type)
  File "/root/mpi_projects/icaro/SleepEEG/Exp/input_output.py", line 50, in import_all_data
    csvfile = open(file_path,'r')
FileNotFoundError: [Errno 2] No such file or directory: 'data/data_75/wav75_ex1_Filtered.csv'
Traceback (most recent call last):
  File "main.py", line 402, in <module>
    train_type = train_type)
  File "main.py", line 100, in main
    X_train, y_train, X_test, y_test, n_att = import_all_data(files_wav75_FF,1, 1-train_percent, balance, train_type)
  File "/root/mpi_projects/icaro/SleepEEG/Exp/input_output.py", line 50, in import_all_data
    csvfile = open(file_path,'r')
FileNotFoundError: [Errno 2] No such file or directory: 'data/data_75/wav75_ex1_Filtered.csv'
Traceback (most recent call last):
  File "main.py", line 402, in <module>
    train_type = train_type)
  File "main.py", line 100, in main
    X_train, y_train, X_test, y_test, n_att = import_all_data(files_wav75_FF,1, 1-train_percent, balance, train_type)
  File "/root/mpi_projects/icaro/SleepEEG/Exp/input_output.py", line 50, in import_all_data
    csvfile = open(file_path,'r')
FileNotFoundError: [Errno 2] No such file or directory: 'data/data_75/wav75_ex1_Filtered.csv'
Traceback (most recent call last):
  File "main.py", line 402, in <module>
    train_type = train_type)
  File "main.py", line 100, in main
    X_train, y_train, X_test, y_test, n_att = import_all_data(files_wav75_FF,1, 1-train_percent, balance, train_type)
  File "/root/mpi_projects/icaro/SleepEEG/Exp/input_output.py", line 50, in import_all_data
    csvfile = open(file_path,'r')
FileNotFoundError: [Errno 2] No such file or directory: 'data/data_75/wav75_ex1_Filtered.csv'
Traceback (most recent call last):
  File "main.py", line 402, in <module>
    train_type = train_type)
  File "main.py", line 100, in main
    X_train, y_train, X_test, y_test, n_att = import_all_data(files_wav75_FF,1, 1-train_percent, balance, train_type)
  File "/root/mpi_projects/icaro/SleepEEG/Exp/input_output.py", line 50, in import_all_data
    csvfile = open(file_path,'r')
FileNotFoundError: [Errno 2] No such file or directory: 'data/data_75/wav75_ex1_Filtered.csv'
Traceback (most recent call last):
  File "main.py", line 402, in <module>
    train_type = train_type)
  File "main.py", line 100, in main
    X_train, y_train, X_test, y_test, n_att = import_all_data(files_wav75_FF,1, 1-train_percent, balance, train_type)
  File "/root/mpi_projects/icaro/SleepEEG/Exp/input_output.py", line 50, in import_all_data
    csvfile = open(file_path,'r')
FileNotFoundError: [Errno 2] No such file or directory: 'data/data_75/wav75_ex1_Filtered.csv'
Traceback (most recent call last):
  File "main.py", line 402, in <module>
    train_type = train_type)
  File "main.py", line 100, in main
    X_train, y_train, X_test, y_test, n_att = import_all_data(files_wav75_FF,1, 1-train_percent, balance, train_type)
  File "/root/mpi_projects/icaro/SleepEEG/Exp/input_output.py", line 50, in import_all_data
    csvfile = open(file_path,'r')
FileNotFoundError: [Errno 2] No such file or directory: 'data/data_75/wav75_ex1_Filtered.csv'
/root/mpi_projects/icaro/SleepEEG/Exp/operator_set.py:5: RuntimeWarning: divide by zero encountered in double_scalars
  return left / right
/root/anaconda3/lib/python3.6/site-packages/numpy/core/_methods.py:32: RuntimeWarning: invalid value encountered in reduce
  return umr_sum(a, axis, dtype, out, keepdims)
/root/anaconda3/lib/python3.6/site-packages/deap/creator.py:141: RuntimeWarning: A class named 'FitnessMulti' has already been created and it will be overwritten. Consider deleting previous creation of that class or rename it.
  RuntimeWarning)
/root/anaconda3/lib/python3.6/site-packages/deap/creator.py:141: RuntimeWarning: A class named 'Individual' has already been created and it will be overwritten. Consider deleting previous creation of that class or rename it.
  RuntimeWarning)
/root/mpi_projects/icaro/SleepEEG/Exp/operator_set.py:5: RuntimeWarning: divide by zero encountered in double_scalars
  return left / right
/root/anaconda3/lib/python3.6/site-packages/numpy/core/_methods.py:32: RuntimeWarning: invalid value encountered in reduce
  return umr_sum(a, axis, dtype, out, keepdims)
/root/anaconda3/lib/python3.6/site-packages/deap/creator.py:141: RuntimeWarning: A class named 'FitnessMulti' has already been created and it will be overwritten. Consider deleting previous creation of that class or rename it.
  RuntimeWarning)
/root/anaconda3/lib/python3.6/site-packages/deap/creator.py:141: RuntimeWarning: A class named 'Individual' has already been created and it will be overwritten. Consider deleting previous creation of that class or rename it.
  RuntimeWarning)
/root/anaconda3/lib/python3.6/site-packages/sklearn/naive_bayes.py:428: RuntimeWarning: divide by zero encountered in log
  n_ij = - 0.5 * np.sum(np.log(2. * np.pi * self.sigma_[i, :]))
/root/anaconda3/lib/python3.6/site-packages/sklearn/naive_bayes.py:430: RuntimeWarning: invalid value encountered in true_divide
  (self.sigma_[i, :]), 1)
/root/mpi_projects/icaro/SleepEEG/Exp/operator_set.py:5: RuntimeWarning: divide by zero encountered in double_scalars
  return left / right
/root/anaconda3/lib/python3.6/site-packages/numpy/core/_methods.py:32: RuntimeWarning: invalid value encountered in reduce
  return umr_sum(a, axis, dtype, out, keepdims)
/root/mpi_projects/icaro/SleepEEG/Exp/operator_set.py:5: RuntimeWarning: invalid value encountered in double_scalars
  return left / right
/root/anaconda3/lib/python3.6/site-packages/deap/creator.py:141: RuntimeWarning: A class named 'FitnessMulti' has already been created and it will be overwritten. Consider deleting previous creation of that class or rename it.
  RuntimeWarning)
/root/anaconda3/lib/python3.6/site-packages/deap/creator.py:141: RuntimeWarning: A class named 'Individual' has already been created and it will be overwritten. Consider deleting previous creation of that class or rename it.
  RuntimeWarning)
/root/mpi_projects/icaro/SleepEEG/Exp/operator_set.py:5: RuntimeWarning: divide by zero encountered in double_scalars
  return left / right
/root/anaconda3/lib/python3.6/site-packages/numpy/core/_methods.py:32: RuntimeWarning: invalid value encountered in reduce
  return umr_sum(a, axis, dtype, out, keepdims)
/root/anaconda3/lib/python3.6/site-packages/deap/creator.py:141: RuntimeWarning: A class named 'FitnessMulti' has already been created and it will be overwritten. Consider deleting previous creation of that class or rename it.
  RuntimeWarning)
/root/anaconda3/lib/python3.6/site-packages/deap/creator.py:141: RuntimeWarning: A class named 'Individual' has already been created and it will be overwritten. Consider deleting previous creation of that class or rename it.
  RuntimeWarning)
/root/mpi_projects/icaro/SleepEEG/Exp/operator_set.py:5: RuntimeWarning: divide by zero encountered in double_scalars
  return left / right
/root/anaconda3/lib/python3.6/site-packages/numpy/core/_methods.py:32: RuntimeWarning: invalid value encountered in reduce
  return umr_sum(a, axis, dtype, out, keepdims)
/root/anaconda3/lib/python3.6/site-packages/deap/creator.py:141: RuntimeWarning: A class named 'FitnessMulti' has already been created and it will be overwritten. Consider deleting previous creation of that class or rename it.
  RuntimeWarning)
/root/anaconda3/lib/python3.6/site-packages/deap/creator.py:141: RuntimeWarning: A class named 'Individual' has already been created and it will be overwritten. Consider deleting previous creation of that class or rename it.
  RuntimeWarning)
/root/mpi_projects/icaro/SleepEEG/Exp/operator_set.py:5: RuntimeWarning: divide by zero encountered in double_scalars
  return left / right
/root/anaconda3/lib/python3.6/site-packages/numpy/core/_methods.py:32: RuntimeWarning: invalid value encountered in reduce
  return umr_sum(a, axis, dtype, out, keepdims)
/root/anaconda3/lib/python3.6/site-packages/deap/creator.py:141: RuntimeWarning: A class named 'FitnessMulti' has already been created and it will be overwritten. Consider deleting previous creation of that class or rename it.
  RuntimeWarning)
/root/anaconda3/lib/python3.6/site-packages/deap/creator.py:141: RuntimeWarning: A class named 'Individual' has already been created and it will be overwritten. Consider deleting previous creation of that class or rename it.
  RuntimeWarning)
/root/anaconda3/lib/python3.6/site-packages/sklearn/neural_network/multilayer_perceptron.py:563: ConvergenceWarning: Stochastic Optimizer: Maximum iterations reached and the optimization hasn't converged yet.
  % (), ConvergenceWarning)
/root/mpi_projects/icaro/SleepEEG/Exp/operator_set.py:5: RuntimeWarning: divide by zero encountered in double_scalars
  return left / right
/root/mpi_projects/icaro/SleepEEG/Exp/operator_set.py:5: RuntimeWarning: invalid value encountered in double_scalars
  return left / right
/root/anaconda3/lib/python3.6/site-packages/deap/creator.py:141: RuntimeWarning: A class named 'FitnessMulti' has already been created and it will be overwritten. Consider deleting previous creation of that class or rename it.
  RuntimeWarning)
/root/anaconda3/lib/python3.6/site-packages/deap/creator.py:141: RuntimeWarning: A class named 'Individual' has already been created and it will be overwritten. Consider deleting previous creation of that class or rename it.
  RuntimeWarning)
/root/anaconda3/lib/python3.6/site-packages/sklearn/neural_network/multilayer_perceptron.py:563: ConvergenceWarning: Stochastic Optimizer: Maximum iterations reached and the optimization hasn't converged yet.
  % (), ConvergenceWarning)
/root/mpi_projects/icaro/SleepEEG/Exp/operator_set.py:5: RuntimeWarning: divide by zero encountered in double_scalars
  return left / right
/root/anaconda3/lib/python3.6/site-packages/deap/creator.py:141: RuntimeWarning: A class named 'FitnessMulti' has already been created and it will be overwritten. Consider deleting previous creation of that class or rename it.
  RuntimeWarning)
/root/anaconda3/lib/python3.6/site-packages/deap/creator.py:141: RuntimeWarning: A class named 'Individual' has already been created and it will be overwritten. Consider deleting previous creation of that class or rename it.
  RuntimeWarning)
/root/mpi_projects/icaro/SleepEEG/Exp/operator_set.py:5: RuntimeWarning: divide by zero encountered in double_scalars
  return left / right
/root/anaconda3/lib/python3.6/site-packages/numpy/core/_methods.py:32: RuntimeWarning: invalid value encountered in reduce
  return umr_sum(a, axis, dtype, out, keepdims)
/root/anaconda3/lib/python3.6/site-packages/deap/creator.py:141: RuntimeWarning: A class named 'FitnessMulti' has already been created and it will be overwritten. Consider deleting previous creation of that class or rename it.
  RuntimeWarning)
/root/anaconda3/lib/python3.6/site-packages/deap/creator.py:141: RuntimeWarning: A class named 'Individual' has already been created and it will be overwritten. Consider deleting previous creation of that class or rename it.
  RuntimeWarning)
<string>:1: RuntimeWarning: invalid value encountered in double_scalars
/root/anaconda3/lib/python3.6/site-packages/sklearn/neural_network/multilayer_perceptron.py:563: ConvergenceWarning: Stochastic Optimizer: Maximum iterations reached and the optimization hasn't converged yet.
  % (), ConvergenceWarning)
/root/mpi_projects/icaro/SleepEEG/Exp/operator_set.py:5: RuntimeWarning: divide by zero encountered in double_scalars
  return left / right
/root/anaconda3/lib/python3.6/site-packages/deap/creator.py:141: RuntimeWarning: A class named 'FitnessMulti' has already been created and it will be overwritten. Consider deleting previous creation of that class or rename it.
  RuntimeWarning)
/root/anaconda3/lib/python3.6/site-packages/deap/creator.py:141: RuntimeWarning: A class named 'Individual' has already been created and it will be overwritten. Consider deleting previous creation of that class or rename it.
  RuntimeWarning)
/root/mpi_projects/icaro/SleepEEG/Exp/operator_set.py:5: RuntimeWarning: divide by zero encountered in double_scalars
  return left / right
/root/anaconda3/lib/python3.6/site-packages/numpy/core/_methods.py:32: RuntimeWarning: invalid value encountered in reduce
  return umr_sum(a, axis, dtype, out, keepdims)
/root/anaconda3/lib/python3.6/site-packages/deap/creator.py:141: RuntimeWarning: A class named 'FitnessMulti' has already been created and it will be overwritten. Consider deleting previous creation of that class or rename it.
  RuntimeWarning)
/root/anaconda3/lib/python3.6/site-packages/deap/creator.py:141: RuntimeWarning: A class named 'Individual' has already been created and it will be overwritten. Consider deleting previous creation of that class or rename it.
  RuntimeWarning)
/root/anaconda3/lib/python3.6/site-packages/sklearn/neural_network/multilayer_perceptron.py:563: ConvergenceWarning: Stochastic Optimizer: Maximum iterations reached and the optimization hasn't converged yet.
  % (), ConvergenceWarning)
/root/mpi_projects/icaro/SleepEEG/Exp/operator_set.py:5: RuntimeWarning: divide by zero encountered in double_scalars
  return left / right
/root/anaconda3/lib/python3.6/site-packages/deap/creator.py:141: RuntimeWarning: A class named 'FitnessMulti' has already been created and it will be overwritten. Consider deleting previous creation of that class or rename it.
  RuntimeWarning)
/root/anaconda3/lib/python3.6/site-packages/deap/creator.py:141: RuntimeWarning: A class named 'Individual' has already been created and it will be overwritten. Consider deleting previous creation of that class or rename it.
  RuntimeWarning)
/root/mpi_projects/icaro/SleepEEG/Exp/operator_set.py:5: RuntimeWarning: divide by zero encountered in double_scalars
  return left / right
/root/anaconda3/lib/python3.6/site-packages/numpy/core/_methods.py:32: RuntimeWarning: invalid value encountered in reduce
  return umr_sum(a, axis, dtype, out, keepdims)
/root/anaconda3/lib/python3.6/site-packages/deap/creator.py:141: RuntimeWarning: A class named 'FitnessMulti' has already been created and it will be overwritten. Consider deleting previous creation of that class or rename it.
  RuntimeWarning)
/root/anaconda3/lib/python3.6/site-packages/deap/creator.py:141: RuntimeWarning: A class named 'Individual' has already been created and it will be overwritten. Consider deleting previous creation of that class or rename it.
  RuntimeWarning)
/root/anaconda3/lib/python3.6/site-packages/sklearn/neural_network/multilayer_perceptron.py:563: ConvergenceWarning: Stochastic Optimizer: Maximum iterations reached and the optimization hasn't converged yet.
  % (), ConvergenceWarning)
/root/mpi_projects/icaro/SleepEEG/Exp/operator_set.py:5: RuntimeWarning: divide by zero encountered in double_scalars
  return left / right
/root/anaconda3/lib/python3.6/site-packages/deap/creator.py:141: RuntimeWarning: A class named 'FitnessMulti' has already been created and it will be overwritten. Consider deleting previous creation of that class or rename it.
  RuntimeWarning)
/root/anaconda3/lib/python3.6/site-packages/deap/creator.py:141: RuntimeWarning: A class named 'Individual' has already been created and it will be overwritten. Consider deleting previous creation of that class or rename it.
  RuntimeWarning)
/root/mpi_projects/icaro/SleepEEG/Exp/operator_set.py:5: RuntimeWarning: divide by zero encountered in double_scalars
  return left / right
/root/anaconda3/lib/python3.6/site-packages/deap/creator.py:141: RuntimeWarning: A class named 'FitnessMulti' has already been created and it will be overwritten. Consider deleting previous creation of that class or rename it.
  RuntimeWarning)
/root/anaconda3/lib/python3.6/site-packages/deap/creator.py:141: RuntimeWarning: A class named 'Individual' has already been created and it will be overwritten. Consider deleting previous creation of that class or rename it.
  RuntimeWarning)
/root/anaconda3/lib/python3.6/site-packages/numpy/core/_methods.py:32: RuntimeWarning: invalid value encountered in reduce
  return umr_sum(a, axis, dtype, out, keepdims)
/root/anaconda3/lib/python3.6/site-packages/sklearn/neural_network/multilayer_perceptron.py:563: ConvergenceWarning: Stochastic Optimizer: Maximum iterations reached and the optimization hasn't converged yet.
  % (), ConvergenceWarning)
/root/mpi_projects/icaro/SleepEEG/Exp/operator_set.py:5: RuntimeWarning: divide by zero encountered in double_scalars
  return left / right
/root/anaconda3/lib/python3.6/site-packages/deap/creator.py:141: RuntimeWarning: A class named 'FitnessMulti' has already been created and it will be overwritten. Consider deleting previous creation of that class or rename it.
  RuntimeWarning)
/root/anaconda3/lib/python3.6/site-packages/deap/creator.py:141: RuntimeWarning: A class named 'Individual' has already been created and it will be overwritten. Consider deleting previous creation of that class or rename it.
  RuntimeWarning)
/root/anaconda3/lib/python3.6/site-packages/sklearn/neural_network/multilayer_perceptron.py:563: ConvergenceWarning: Stochastic Optimizer: Maximum iterations reached and the optimization hasn't converged yet.
  % (), ConvergenceWarning)
/root/mpi_projects/icaro/SleepEEG/Exp/operator_set.py:5: RuntimeWarning: divide by zero encountered in double_scalars
  return left / right
/root/anaconda3/lib/python3.6/site-packages/deap/creator.py:141: RuntimeWarning: A class named 'FitnessMulti' has already been created and it will be overwritten. Consider deleting previous creation of that class or rename it.
  RuntimeWarning)
/root/anaconda3/lib/python3.6/site-packages/deap/creator.py:141: RuntimeWarning: A class named 'Individual' has already been created and it will be overwritten. Consider deleting previous creation of that class or rename it.
  RuntimeWarning)
/root/anaconda3/lib/python3.6/site-packages/sklearn/neural_network/multilayer_perceptron.py:563: ConvergenceWarning: Stochastic Optimizer: Maximum iterations reached and the optimization hasn't converged yet.
  % (), ConvergenceWarning)
/root/mpi_projects/icaro/SleepEEG/Exp/operator_set.py:5: RuntimeWarning: divide by zero encountered in double_scalars
  return left / right
/root/anaconda3/lib/python3.6/site-packages/deap/creator.py:141: RuntimeWarning: A class named 'FitnessMulti' has already been created and it will be overwritten. Consider deleting previous creation of that class or rename it.
  RuntimeWarning)
/root/anaconda3/lib/python3.6/site-packages/deap/creator.py:141: RuntimeWarning: A class named 'Individual' has already been created and it will be overwritten. Consider deleting previous creation of that class or rename it.
  RuntimeWarning)
/root/mpi_projects/icaro/SleepEEG/Exp/operator_set.py:5: RuntimeWarning: divide by zero encountered in double_scalars
  return left / right
Traceback (most recent call last):
  File "main.py", line 414, in <module>
    train_type = train_type)
  File "main.py", line 189, in main
    fitnesses = list(map(toolbox.evaluate, pop))
  File "/root/mpi_projects/icaro/SleepEEG/Exp/fitness_function.py", line 141, in eval_tree
    y_pred = feature_construction(individual, clf, param, X_train, y_train, X_test, pset)
  File "/root/mpi_projects/icaro/SleepEEG/Exp/fitness_function.py", line 78, in feature_construction
    y_pred = classifier.predict(X_test_new)
  File "/root/anaconda3/lib/python3.6/site-packages/sklearn/tree/tree.py", line 404, in predict
    X = self._validate_X_predict(X, check_input)
  File "/root/anaconda3/lib/python3.6/site-packages/sklearn/tree/tree.py", line 365, in _validate_X_predict
    X = check_array(X, dtype=DTYPE, accept_sparse="csr")
  File "/root/anaconda3/lib/python3.6/site-packages/sklearn/utils/validation.py", line 407, in check_array
    _assert_all_finite(array)
  File "/root/anaconda3/lib/python3.6/site-packages/sklearn/utils/validation.py", line 58, in _assert_all_finite
    " or a value too large for %r." % X.dtype)
ValueError: Input contains NaN, infinity or a value too large for dtype('float32').
/root/mpi_projects/icaro/SleepEEG/Exp/operator_set.py:5: RuntimeWarning: divide by zero encountered in double_scalars
  return left / right
Traceback (most recent call last):
  File "main.py", line 414, in <module>
    train_type = train_type)
  File "main.py", line 189, in main
    fitnesses = list(map(toolbox.evaluate, pop))
  File "/root/mpi_projects/icaro/SleepEEG/Exp/fitness_function.py", line 141, in eval_tree
    y_pred = feature_construction(individual, clf, param, X_train, y_train, X_test, pset)
  File "/root/mpi_projects/icaro/SleepEEG/Exp/fitness_function.py", line 78, in feature_construction
    y_pred = classifier.predict(X_test_new)
  File "/root/anaconda3/lib/python3.6/site-packages/sklearn/naive_bayes.py", line 65, in predict
    jll = self._joint_log_likelihood(X)
  File "/root/anaconda3/lib/python3.6/site-packages/sklearn/naive_bayes.py", line 424, in _joint_log_likelihood
    X = check_array(X)
  File "/root/anaconda3/lib/python3.6/site-packages/sklearn/utils/validation.py", line 407, in check_array
    _assert_all_finite(array)
  File "/root/anaconda3/lib/python3.6/site-packages/sklearn/utils/validation.py", line 58, in _assert_all_finite
    " or a value too large for %r." % X.dtype)
ValueError: Input contains NaN, infinity or a value too large for dtype('float64').
Traceback (most recent call last):
  File "main.py", line 5, in <module>
    shutil.rmtree("__pycache__")
  File "/root/anaconda3/lib/python3.6/shutil.py", line 478, in rmtree
    onerror(os.rmdir, path, sys.exc_info())
  File "/root/anaconda3/lib/python3.6/shutil.py", line 476, in rmtree
    os.rmdir(path)
OSError: [Errno 39] Directory not empty: '__pycache__'
Traceback (most recent call last):
  File "main.py", line 5, in <module>
    shutil.rmtree("__pycache__")
  File "/root/anaconda3/lib/python3.6/shutil.py", line 474, in rmtree
    _rmtree_safe_fd(fd, path, onerror)
  File "/root/anaconda3/lib/python3.6/shutil.py", line 432, in _rmtree_safe_fd
    onerror(os.unlink, fullname, sys.exc_info())
  File "/root/anaconda3/lib/python3.6/shutil.py", line 430, in _rmtree_safe_fd
    os.unlink(name, dir_fd=topfd)
FileNotFoundError: [Errno 2] No such file or directory: 'input_output.cpython-36.pyc.140354743755184'
/root/mpi_projects/icaro/SleepEEG/Exp/operator_set.py:5: RuntimeWarning: divide by zero encountered in double_scalars
  return left / right
Traceback (most recent call last):
  File "main.py", line 414, in <module>
    train_type = train_type)
  File "main.py", line 189, in main
    fitnesses = list(map(toolbox.evaluate, pop))
  File "/root/mpi_projects/icaro/SleepEEG/Exp/fitness_function.py", line 141, in eval_tree
    y_pred = feature_construction(individual, clf, param, X_train, y_train, X_test, pset)
  File "/root/mpi_projects/icaro/SleepEEG/Exp/fitness_function.py", line 78, in feature_construction
    y_pred = classifier.predict(X_test_new)
  File "/root/anaconda3/lib/python3.6/site-packages/sklearn/neural_network/multilayer_perceptron.py", line 934, in predict
    y_pred = self._predict(X)
  File "/root/anaconda3/lib/python3.6/site-packages/sklearn/neural_network/multilayer_perceptron.py", line 658, in _predict
    X = check_array(X, accept_sparse=['csr', 'csc', 'coo'])
  File "/root/anaconda3/lib/python3.6/site-packages/sklearn/utils/validation.py", line 407, in check_array
    _assert_all_finite(array)
  File "/root/anaconda3/lib/python3.6/site-packages/sklearn/utils/validation.py", line 58, in _assert_all_finite
    " or a value too large for %r." % X.dtype)
ValueError: Input contains NaN, infinity or a value too large for dtype('float64').
/root/mpi_projects/icaro/SleepEEG/Exp/operator_set.py:5: RuntimeWarning: divide by zero encountered in double_scalars
  return left / right
Traceback (most recent call last):
  File "main.py", line 414, in <module>
    train_type = train_type)
  File "main.py", line 189, in main
    fitnesses = list(map(toolbox.evaluate, pop))
  File "/root/mpi_projects/icaro/SleepEEG/Exp/fitness_function.py", line 141, in eval_tree
    y_pred = feature_construction(individual, clf, param, X_train, y_train, X_test, pset)
  File "/root/mpi_projects/icaro/SleepEEG/Exp/fitness_function.py", line 78, in feature_construction
    y_pred = classifier.predict(X_test_new)
  File "/root/anaconda3/lib/python3.6/site-packages/sklearn/neural_network/multilayer_perceptron.py", line 934, in predict
    y_pred = self._predict(X)
  File "/root/anaconda3/lib/python3.6/site-packages/sklearn/neural_network/multilayer_perceptron.py", line 658, in _predict
    X = check_array(X, accept_sparse=['csr', 'csc', 'coo'])
  File "/root/anaconda3/lib/python3.6/site-packages/sklearn/utils/validation.py", line 407, in check_array
    _assert_all_finite(array)
  File "/root/anaconda3/lib/python3.6/site-packages/sklearn/utils/validation.py", line 58, in _assert_all_finite
    " or a value too large for %r." % X.dtype)
ValueError: Input contains NaN, infinity or a value too large for dtype('float64').
/root/mpi_projects/icaro/SleepEEG/Exp/operator_set.py:5: RuntimeWarning: divide by zero encountered in double_scalars
  return left / right
Traceback (most recent call last):
  File "main.py", line 414, in <module>
    train_type = train_type)
  File "main.py", line 189, in main
    fitnesses = list(map(toolbox.evaluate, pop))
  File "/root/mpi_projects/icaro/SleepEEG/Exp/fitness_function.py", line 141, in eval_tree
    y_pred = feature_construction(individual, clf, param, X_train, y_train, X_test, pset)
  File "/root/mpi_projects/icaro/SleepEEG/Exp/fitness_function.py", line 78, in feature_construction
    y_pred = classifier.predict(X_test_new)
  File "/root/anaconda3/lib/python3.6/site-packages/sklearn/neural_network/multilayer_perceptron.py", line 934, in predict
    y_pred = self._predict(X)
  File "/root/anaconda3/lib/python3.6/site-packages/sklearn/neural_network/multilayer_perceptron.py", line 658, in _predict
    X = check_array(X, accept_sparse=['csr', 'csc', 'coo'])
  File "/root/anaconda3/lib/python3.6/site-packages/sklearn/utils/validation.py", line 407, in check_array
    _assert_all_finite(array)
  File "/root/anaconda3/lib/python3.6/site-packages/sklearn/utils/validation.py", line 58, in _assert_all_finite
    " or a value too large for %r." % X.dtype)
ValueError: Input contains NaN, infinity or a value too large for dtype('float64').
/root/mpi_projects/icaro/SleepEEG/Exp/operator_set.py:5: RuntimeWarning: divide by zero encountered in double_scalars
  return left / right
Traceback (most recent call last):
  File "main.py", line 414, in <module>
    train_type = train_type)
  File "main.py", line 189, in main
    fitnesses = list(map(toolbox.evaluate, pop))
  File "/root/mpi_projects/icaro/SleepEEG/Exp/fitness_function.py", line 141, in eval_tree
    y_pred = feature_construction(individual, clf, param, X_train, y_train, X_test, pset)
  File "/root/mpi_projects/icaro/SleepEEG/Exp/fitness_function.py", line 78, in feature_construction
    y_pred = classifier.predict(X_test_new)
  File "/root/anaconda3/lib/python3.6/site-packages/sklearn/neural_network/multilayer_perceptron.py", line 934, in predict
    y_pred = self._predict(X)
  File "/root/anaconda3/lib/python3.6/site-packages/sklearn/neural_network/multilayer_perceptron.py", line 658, in _predict
    X = check_array(X, accept_sparse=['csr', 'csc', 'coo'])
  File "/root/anaconda3/lib/python3.6/site-packages/sklearn/utils/validation.py", line 407, in check_array
    _assert_all_finite(array)
  File "/root/anaconda3/lib/python3.6/site-packages/sklearn/utils/validation.py", line 58, in _assert_all_finite
    " or a value too large for %r." % X.dtype)
ValueError: Input contains NaN, infinity or a value too large for dtype('float64').
/root/mpi_projects/icaro/SleepEEG/Exp/operator_set.py:5: RuntimeWarning: divide by zero encountered in double_scalars
  return left / right
Traceback (most recent call last):
  File "main.py", line 414, in <module>
    train_type = train_type)
  File "main.py", line 189, in main
    fitnesses = list(map(toolbox.evaluate, pop))
  File "/root/mpi_projects/icaro/SleepEEG/Exp/fitness_function.py", line 141, in eval_tree
    y_pred = feature_construction(individual, clf, param, X_train, y_train, X_test, pset)
  File "/root/mpi_projects/icaro/SleepEEG/Exp/fitness_function.py", line 78, in feature_construction
    y_pred = classifier.predict(X_test_new)
  File "/root/anaconda3/lib/python3.6/site-packages/sklearn/svm/base.py", line 573, in predict
    y = super(BaseSVC, self).predict(X)
  File "/root/anaconda3/lib/python3.6/site-packages/sklearn/svm/base.py", line 310, in predict
    X = self._validate_for_predict(X)
  File "/root/anaconda3/lib/python3.6/site-packages/sklearn/svm/base.py", line 459, in _validate_for_predict
    X = check_array(X, accept_sparse='csr', dtype=np.float64, order="C")
  File "/root/anaconda3/lib/python3.6/site-packages/sklearn/utils/validation.py", line 407, in check_array
    _assert_all_finite(array)
  File "/root/anaconda3/lib/python3.6/site-packages/sklearn/utils/validation.py", line 58, in _assert_all_finite
    " or a value too large for %r." % X.dtype)
ValueError: Input contains NaN, infinity or a value too large for dtype('float64').
/root/mpi_projects/icaro/SleepEEG/Exp/operator_set.py:5: RuntimeWarning: divide by zero encountered in double_scalars
  return left / right
Traceback (most recent call last):
  File "main.py", line 414, in <module>
    train_type = train_type)
  File "main.py", line 189, in main
    fitnesses = list(map(toolbox.evaluate, pop))
  File "/root/mpi_projects/icaro/SleepEEG/Exp/fitness_function.py", line 141, in eval_tree
    y_pred = feature_construction(individual, clf, param, X_train, y_train, X_test, pset)
  File "/root/mpi_projects/icaro/SleepEEG/Exp/fitness_function.py", line 78, in feature_construction
    y_pred = classifier.predict(X_test_new)
  File "/root/anaconda3/lib/python3.6/site-packages/sklearn/svm/base.py", line 573, in predict
    y = super(BaseSVC, self).predict(X)
  File "/root/anaconda3/lib/python3.6/site-packages/sklearn/svm/base.py", line 310, in predict
    X = self._validate_for_predict(X)
  File "/root/anaconda3/lib/python3.6/site-packages/sklearn/svm/base.py", line 459, in _validate_for_predict
    X = check_array(X, accept_sparse='csr', dtype=np.float64, order="C")
  File "/root/anaconda3/lib/python3.6/site-packages/sklearn/utils/validation.py", line 407, in check_array
    _assert_all_finite(array)
  File "/root/anaconda3/lib/python3.6/site-packages/sklearn/utils/validation.py", line 58, in _assert_all_finite
    " or a value too large for %r." % X.dtype)
ValueError: Input contains NaN, infinity or a value too large for dtype('float64').
/root/mpi_projects/icaro/SleepEEG/Exp/operator_set.py:5: RuntimeWarning: divide by zero encountered in double_scalars
  return left / right
Traceback (most recent call last):
  File "main.py", line 414, in <module>
    train_type = train_type)
  File "main.py", line 189, in main
    fitnesses = list(map(toolbox.evaluate, pop))
  File "/root/mpi_projects/icaro/SleepEEG/Exp/fitness_function.py", line 141, in eval_tree
    y_pred = feature_construction(individual, clf, param, X_train, y_train, X_test, pset)
  File "/root/mpi_projects/icaro/SleepEEG/Exp/fitness_function.py", line 78, in feature_construction
    y_pred = classifier.predict(X_test_new)
  File "/root/anaconda3/lib/python3.6/site-packages/sklearn/tree/tree.py", line 404, in predict
    X = self._validate_X_predict(X, check_input)
  File "/root/anaconda3/lib/python3.6/site-packages/sklearn/tree/tree.py", line 365, in _validate_X_predict
    X = check_array(X, dtype=DTYPE, accept_sparse="csr")
  File "/root/anaconda3/lib/python3.6/site-packages/sklearn/utils/validation.py", line 407, in check_array
    _assert_all_finite(array)
  File "/root/anaconda3/lib/python3.6/site-packages/sklearn/utils/validation.py", line 58, in _assert_all_finite
    " or a value too large for %r." % X.dtype)
ValueError: Input contains NaN, infinity or a value too large for dtype('float32').
/root/mpi_projects/icaro/SleepEEG/Exp/operator_set.py:5: RuntimeWarning: divide by zero encountered in double_scalars
  return left / right
Traceback (most recent call last):
  File "main.py", line 414, in <module>
    train_type = train_type)
  File "main.py", line 189, in main
    fitnesses = list(map(toolbox.evaluate, pop))
  File "/root/mpi_projects/icaro/SleepEEG/Exp/fitness_function.py", line 141, in eval_tree
    y_pred = feature_construction(individual, clf, param, X_train, y_train, X_test, pset)
  File "/root/mpi_projects/icaro/SleepEEG/Exp/fitness_function.py", line 78, in feature_construction
    y_pred = classifier.predict(X_test_new)
  File "/root/anaconda3/lib/python3.6/site-packages/sklearn/naive_bayes.py", line 65, in predict
    jll = self._joint_log_likelihood(X)
  File "/root/anaconda3/lib/python3.6/site-packages/sklearn/naive_bayes.py", line 424, in _joint_log_likelihood
    X = check_array(X)
  File "/root/anaconda3/lib/python3.6/site-packages/sklearn/utils/validation.py", line 407, in check_array
    _assert_all_finite(array)
  File "/root/anaconda3/lib/python3.6/site-packages/sklearn/utils/validation.py", line 58, in _assert_all_finite
    " or a value too large for %r." % X.dtype)
ValueError: Input contains NaN, infinity or a value too large for dtype('float64').
Traceback (most recent call last):
  File "main.py", line 5, in <module>
    shutil.rmtree("__pycache__")
  File "/root/anaconda3/lib/python3.6/shutil.py", line 478, in rmtree
    onerror(os.rmdir, path, sys.exc_info())
  File "/root/anaconda3/lib/python3.6/shutil.py", line 476, in rmtree
    os.rmdir(path)
OSError: [Errno 39] Directory not empty: '__pycache__'
Traceback (most recent call last):
  File "main.py", line 5, in <module>
    shutil.rmtree("__pycache__")
  File "/root/anaconda3/lib/python3.6/shutil.py", line 478, in rmtree
    onerror(os.rmdir, path, sys.exc_info())
  File "/root/anaconda3/lib/python3.6/shutil.py", line 476, in rmtree
    os.rmdir(path)
OSError: [Errno 39] Directory not empty: '__pycache__'
/root/anaconda3/lib/python3.6/site-packages/sklearn/naive_bayes.py:428: RuntimeWarning: divide by zero encountered in log
  n_ij = - 0.5 * np.sum(np.log(2. * np.pi * self.sigma_[i, :]))
/root/anaconda3/lib/python3.6/site-packages/sklearn/naive_bayes.py:430: RuntimeWarning: invalid value encountered in true_divide
  (self.sigma_[i, :]), 1)
/root/mpi_projects/icaro/SleepEEG/Exp/operator_set.py:5: RuntimeWarning: divide by zero encountered in double_scalars
  return left / right
/root/anaconda3/lib/python3.6/site-packages/numpy/core/_methods.py:32: RuntimeWarning: invalid value encountered in reduce
  return umr_sum(a, axis, dtype, out, keepdims)
/root/anaconda3/lib/python3.6/site-packages/deap/creator.py:141: RuntimeWarning: A class named 'FitnessMulti' has already been created and it will be overwritten. Consider deleting previous creation of that class or rename it.
  RuntimeWarning)
/root/anaconda3/lib/python3.6/site-packages/deap/creator.py:141: RuntimeWarning: A class named 'Individual' has already been created and it will be overwritten. Consider deleting previous creation of that class or rename it.
  RuntimeWarning)
/root/mpi_projects/icaro/SleepEEG/Exp/operator_set.py:5: RuntimeWarning: divide by zero encountered in double_scalars
  return left / right
/root/anaconda3/lib/python3.6/site-packages/numpy/core/_methods.py:32: RuntimeWarning: invalid value encountered in reduce
  return umr_sum(a, axis, dtype, out, keepdims)
/root/anaconda3/lib/python3.6/site-packages/deap/creator.py:141: RuntimeWarning: A class named 'FitnessMulti' has already been created and it will be overwritten. Consider deleting previous creation of that class or rename it.
  RuntimeWarning)
/root/anaconda3/lib/python3.6/site-packages/deap/creator.py:141: RuntimeWarning: A class named 'Individual' has already been created and it will be overwritten. Consider deleting previous creation of that class or rename it.
  RuntimeWarning)
/root/mpi_projects/icaro/SleepEEG/Exp/operator_set.py:5: RuntimeWarning: invalid value encountered in double_scalars
  return left / right
Traceback (most recent call last):
  File "/root/mpi_projects/icaro/SleepEEG/Exp/input_output.py", line 10, in verify_create_dir
    os.stat(path)
FileNotFoundError: [Errno 2] No such file or directory: 'TF11/'

During handling of the above exception, another exception occurred:

Traceback (most recent call last):
  File "main.py", line 420, in <module>
    train_type = train_type)
  File "main.py", line 26, in main
    verify_create_dir(path)
  File "/root/mpi_projects/icaro/SleepEEG/Exp/input_output.py", line 12, in verify_create_dir
    os.mkdir(path) 	
FileExistsError: [Errno 17] File exists: 'TF11/'
Traceback (most recent call last):
  File "/root/mpi_projects/icaro/SleepEEG/Exp/input_output.py", line 10, in verify_create_dir
    os.stat(path)
FileNotFoundError: [Errno 2] No such file or directory: 'TF11/'

During handling of the above exception, another exception occurred:

Traceback (most recent call last):
  File "main.py", line 420, in <module>
    train_type = train_type)
  File "main.py", line 26, in main
    verify_create_dir(path)
  File "/root/mpi_projects/icaro/SleepEEG/Exp/input_output.py", line 12, in verify_create_dir
    os.mkdir(path) 	
FileExistsError: [Errno 17] File exists: 'TF11/'
Traceback (most recent call last):
  File "main.py", line 22, in <module>
    from fitness_function import performance, eval_function, eval_tree
  File "/root/mpi_projects/icaro/SleepEEG/Exp/fitness_function.py", line 1, in <module>
    from sklearn.metrics import accuracy_score
ImportError: No module named 'sklearn'
Traceback (most recent call last):
  File "main.py", line 22, in <module>
    from fitness_function import performance, eval_function, eval_tree
  File "/root/mpi_projects/icaro/SleepEEG/Exp/fitness_function.py", line 1, in <module>
    from sklearn.metrics import accuracy_score
ImportError: No module named 'sklearn'
Traceback (most recent call last):
  File "main.py", line 22, in <module>
    from fitness_function import performance, eval_function, eval_tree
  File "/root/mpi_projects/icaro/SleepEEG/Exp/fitness_function.py", line 1, in <module>
    from sklearn.metrics import accuracy_score
ImportError: No module named 'sklearn'
Traceback (most recent call last):
  File "main.py", line 22, in <module>
    from fitness_function import performance, eval_function, eval_tree
  File "/root/mpi_projects/icaro/SleepEEG/Exp/fitness_function.py", line 1, in <module>
    from sklearn.metrics import accuracy_score
ImportError: No module named 'sklearn'
Traceback (most recent call last):
  File "main.py", line 22, in <module>
    from fitness_function import performance, eval_function, eval_tree
  File "/root/mpi_projects/icaro/SleepEEG/Exp/fitness_function.py", line 1, in <module>
    from sklearn.metrics import accuracy_score
ImportError: No module named 'sklearn'
Traceback (most recent call last):
  File "main.py", line 22, in <module>
    from fitness_function import performance, eval_function, eval_tree
  File "/root/mpi_projects/icaro/SleepEEG/Exp/fitness_function.py", line 1, in <module>
    from sklearn.metrics import accuracy_score
ImportError: No module named 'sklearn'
Traceback (most recent call last):
  File "/root/mpi_projects/icaro/SleepEEG/Exp/input_output.py", line 10, in verify_create_dir
    os.stat(path)
FileNotFoundError: [Errno 2] No such file or directory: 'TF11b/'

During handling of the above exception, another exception occurred:

Traceback (most recent call last):
  File "main.py", line 420, in <module>
    train_type = train_type)
  File "main.py", line 26, in main
    verify_create_dir(path)
  File "/root/mpi_projects/icaro/SleepEEG/Exp/input_output.py", line 12, in verify_create_dir
    os.mkdir(path) 	
FileExistsError: [Errno 17] File exists: 'TF11b/'
Traceback (most recent call last):
  File "/root/mpi_projects/icaro/SleepEEG/Exp/input_output.py", line 10, in verify_create_dir
    os.stat(path)
FileNotFoundError: [Errno 2] No such file or directory: 'TF11b/'

During handling of the above exception, another exception occurred:

Traceback (most recent call last):
  File "main.py", line 420, in <module>
    train_type = train_type)
  File "main.py", line 26, in main
    verify_create_dir(path)
  File "/root/mpi_projects/icaro/SleepEEG/Exp/input_output.py", line 12, in verify_create_dir
    os.mkdir(path) 	
FileExistsError: [Errno 17] File exists: 'TF11b/'
Traceback (most recent call last):
  File "/root/mpi_projects/icaro/SleepEEG/Exp/input_output.py", line 23, in verify_create_dir
    os.stat(path + 'best_expr')
FileNotFoundError: [Errno 2] No such file or directory: 'TF11b/best_expr'

During handling of the above exception, another exception occurred:

Traceback (most recent call last):
  File "main.py", line 420, in <module>
    train_type = train_type)
  File "main.py", line 26, in main
    verify_create_dir(path)
  File "/root/mpi_projects/icaro/SleepEEG/Exp/input_output.py", line 25, in verify_create_dir
    os.mkdir(path + 'best_expr')
FileExistsError: [Errno 17] File exists: 'TF11b/best_expr'
/root/anaconda3/lib/python3.6/site-packages/sklearn/naive_bayes.py:428: RuntimeWarning: divide by zero encountered in log
  n_ij = - 0.5 * np.sum(np.log(2. * np.pi * self.sigma_[i, :]))
/root/anaconda3/lib/python3.6/site-packages/sklearn/naive_bayes.py:430: RuntimeWarning: invalid value encountered in true_divide
  (self.sigma_[i, :]), 1)
/root/mpi_projects/icaro/SleepEEG/Exp/operator_set.py:5: RuntimeWarning: divide by zero encountered in double_scalars
  return left / right
Traceback (most recent call last):
  File "main.py", line 420, in <module>
    train_type = train_type)
  File "main.py", line 227, in main
    fitnesses = list(map(toolbox.evaluate, offspring))
  File "/root/mpi_projects/icaro/SleepEEG/Exp/fitness_function.py", line 141, in eval_tree
    y_pred = feature_construction(individual, clf, param, X_train, y_train, X_test, pset)
  File "/root/mpi_projects/icaro/SleepEEG/Exp/fitness_function.py", line 78, in feature_construction
    y_pred = classifier.predict(X_test_new)
  File "/root/anaconda3/lib/python3.6/site-packages/sklearn/naive_bayes.py", line 65, in predict
    jll = self._joint_log_likelihood(X)
  File "/root/anaconda3/lib/python3.6/site-packages/sklearn/naive_bayes.py", line 424, in _joint_log_likelihood
    X = check_array(X)
  File "/root/anaconda3/lib/python3.6/site-packages/sklearn/utils/validation.py", line 407, in check_array
    _assert_all_finite(array)
  File "/root/anaconda3/lib/python3.6/site-packages/sklearn/utils/validation.py", line 58, in _assert_all_finite
    " or a value too large for %r." % X.dtype)
ValueError: Input contains NaN, infinity or a value too large for dtype('float64').
/root/mpi_projects/icaro/SleepEEG/Exp/operator_set.py:5: RuntimeWarning: divide by zero encountered in double_scalars
  return left / right
/root/mpi_projects/icaro/SleepEEG/Exp/operator_set.py:5: RuntimeWarning: invalid value encountered in double_scalars
  return left / right
Traceback (most recent call last):
  File "main.py", line 420, in <module>
    train_type = train_type)
  File "main.py", line 227, in main
    fitnesses = list(map(toolbox.evaluate, offspring))
  File "/root/mpi_projects/icaro/SleepEEG/Exp/fitness_function.py", line 141, in eval_tree
    y_pred = feature_construction(individual, clf, param, X_train, y_train, X_test, pset)
  File "/root/mpi_projects/icaro/SleepEEG/Exp/fitness_function.py", line 78, in feature_construction
    y_pred = classifier.predict(X_test_new)
  File "/root/anaconda3/lib/python3.6/site-packages/sklearn/tree/tree.py", line 404, in predict
    X = self._validate_X_predict(X, check_input)
  File "/root/anaconda3/lib/python3.6/site-packages/sklearn/tree/tree.py", line 365, in _validate_X_predict
    X = check_array(X, dtype=DTYPE, accept_sparse="csr")
  File "/root/anaconda3/lib/python3.6/site-packages/sklearn/utils/validation.py", line 407, in check_array
    _assert_all_finite(array)
  File "/root/anaconda3/lib/python3.6/site-packages/sklearn/utils/validation.py", line 58, in _assert_all_finite
    " or a value too large for %r." % X.dtype)
ValueError: Input contains NaN, infinity or a value too large for dtype('float32').
/root/mpi_projects/icaro/SleepEEG/Exp/operator_set.py:5: RuntimeWarning: divide by zero encountered in double_scalars
  return left / right
/root/anaconda3/lib/python3.6/site-packages/deap/creator.py:141: RuntimeWarning: A class named 'FitnessMulti' has already been created and it will be overwritten. Consider deleting previous creation of that class or rename it.
  RuntimeWarning)
/root/anaconda3/lib/python3.6/site-packages/deap/creator.py:141: RuntimeWarning: A class named 'Individual' has already been created and it will be overwritten. Consider deleting previous creation of that class or rename it.
  RuntimeWarning)
/root/mpi_projects/icaro/SleepEEG/Exp/operator_set.py:5: RuntimeWarning: invalid value encountered in double_scalars
  return left / right
Traceback (most recent call last):
  File "main.py", line 420, in <module>
    train_type = train_type)
  File "main.py", line 227, in main
    fitnesses = list(map(toolbox.evaluate, offspring))
  File "/root/mpi_projects/icaro/SleepEEG/Exp/fitness_function.py", line 141, in eval_tree
    y_pred = feature_construction(individual, clf, param, X_train, y_train, X_test, pset)
  File "/root/mpi_projects/icaro/SleepEEG/Exp/fitness_function.py", line 78, in feature_construction
    y_pred = classifier.predict(X_test_new)
  File "/root/anaconda3/lib/python3.6/site-packages/sklearn/svm/base.py", line 573, in predict
    y = super(BaseSVC, self).predict(X)
  File "/root/anaconda3/lib/python3.6/site-packages/sklearn/svm/base.py", line 310, in predict
    X = self._validate_for_predict(X)
  File "/root/anaconda3/lib/python3.6/site-packages/sklearn/svm/base.py", line 459, in _validate_for_predict
    X = check_array(X, accept_sparse='csr', dtype=np.float64, order="C")
  File "/root/anaconda3/lib/python3.6/site-packages/sklearn/utils/validation.py", line 407, in check_array
    _assert_all_finite(array)
  File "/root/anaconda3/lib/python3.6/site-packages/sklearn/utils/validation.py", line 58, in _assert_all_finite
    " or a value too large for %r." % X.dtype)
ValueError: Input contains NaN, infinity or a value too large for dtype('float64').
/root/anaconda3/lib/python3.6/site-packages/sklearn/neural_network/multilayer_perceptron.py:563: ConvergenceWarning: Stochastic Optimizer: Maximum iterations reached and the optimization hasn't converged yet.
  % (), ConvergenceWarning)
/root/mpi_projects/icaro/SleepEEG/Exp/operator_set.py:5: RuntimeWarning: divide by zero encountered in double_scalars
  return left / right
/root/anaconda3/lib/python3.6/site-packages/deap/creator.py:141: RuntimeWarning: A class named 'FitnessMulti' has already been created and it will be overwritten. Consider deleting previous creation of that class or rename it.
  RuntimeWarning)
/root/anaconda3/lib/python3.6/site-packages/deap/creator.py:141: RuntimeWarning: A class named 'Individual' has already been created and it will be overwritten. Consider deleting previous creation of that class or rename it.
  RuntimeWarning)
Traceback (most recent call last):
  File "main.py", line 420, in <module>
    train_type = train_type)
  File "main.py", line 227, in main
    fitnesses = list(map(toolbox.evaluate, offspring))
  File "/root/mpi_projects/icaro/SleepEEG/Exp/fitness_function.py", line 141, in eval_tree
    y_pred = feature_construction(individual, clf, param, X_train, y_train, X_test, pset)
  File "/root/mpi_projects/icaro/SleepEEG/Exp/fitness_function.py", line 78, in feature_construction
    y_pred = classifier.predict(X_test_new)
  File "/root/anaconda3/lib/python3.6/site-packages/sklearn/neural_network/multilayer_perceptron.py", line 934, in predict
    y_pred = self._predict(X)
  File "/root/anaconda3/lib/python3.6/site-packages/sklearn/neural_network/multilayer_perceptron.py", line 658, in _predict
    X = check_array(X, accept_sparse=['csr', 'csc', 'coo'])
  File "/root/anaconda3/lib/python3.6/site-packages/sklearn/utils/validation.py", line 407, in check_array
    _assert_all_finite(array)
  File "/root/anaconda3/lib/python3.6/site-packages/sklearn/utils/validation.py", line 58, in _assert_all_finite
    " or a value too large for %r." % X.dtype)
ValueError: Input contains NaN, infinity or a value too large for dtype('float64').
/root/mpi_projects/icaro/SleepEEG/Exp/operator_set.py:5: RuntimeWarning: divide by zero encountered in double_scalars
  return left / right
/root/anaconda3/lib/python3.6/site-packages/deap/creator.py:141: RuntimeWarning: A class named 'FitnessMulti' has already been created and it will be overwritten. Consider deleting previous creation of that class or rename it.
  RuntimeWarning)
/root/anaconda3/lib/python3.6/site-packages/deap/creator.py:141: RuntimeWarning: A class named 'Individual' has already been created and it will be overwritten. Consider deleting previous creation of that class or rename it.
  RuntimeWarning)
/root/mpi_projects/icaro/SleepEEG/Exp/operator_set.py:5: RuntimeWarning: divide by zero encountered in double_scalars
  return left / right
/root/anaconda3/lib/python3.6/site-packages/deap/creator.py:141: RuntimeWarning: A class named 'FitnessMulti' has already been created and it will be overwritten. Consider deleting previous creation of that class or rename it.
  RuntimeWarning)
/root/anaconda3/lib/python3.6/site-packages/deap/creator.py:141: RuntimeWarning: A class named 'Individual' has already been created and it will be overwritten. Consider deleting previous creation of that class or rename it.
  RuntimeWarning)
/root/anaconda3/lib/python3.6/site-packages/sklearn/naive_bayes.py:428: RuntimeWarning: divide by zero encountered in log
  n_ij = - 0.5 * np.sum(np.log(2. * np.pi * self.sigma_[i, :]))
/root/anaconda3/lib/python3.6/site-packages/sklearn/naive_bayes.py:430: RuntimeWarning: invalid value encountered in true_divide
  (self.sigma_[i, :]), 1)
/root/mpi_projects/icaro/SleepEEG/Exp/operator_set.py:5: RuntimeWarning: divide by zero encountered in double_scalars
  return left / right
/root/anaconda3/lib/python3.6/site-packages/numpy/core/_methods.py:32: RuntimeWarning: invalid value encountered in reduce
  return umr_sum(a, axis, dtype, out, keepdims)
/root/anaconda3/lib/python3.6/site-packages/deap/creator.py:141: RuntimeWarning: A class named 'FitnessMulti' has already been created and it will be overwritten. Consider deleting previous creation of that class or rename it.
  RuntimeWarning)
/root/anaconda3/lib/python3.6/site-packages/deap/creator.py:141: RuntimeWarning: A class named 'Individual' has already been created and it will be overwritten. Consider deleting previous creation of that class or rename it.
  RuntimeWarning)
/root/anaconda3/lib/python3.6/site-packages/sklearn/neural_network/multilayer_perceptron.py:563: ConvergenceWarning: Stochastic Optimizer: Maximum iterations reached and the optimization hasn't converged yet.
  % (), ConvergenceWarning)
/root/mpi_projects/icaro/SleepEEG/Exp/operator_set.py:5: RuntimeWarning: divide by zero encountered in double_scalars
  return left / right
/root/anaconda3/lib/python3.6/site-packages/deap/creator.py:141: RuntimeWarning: A class named 'FitnessMulti' has already been created and it will be overwritten. Consider deleting previous creation of that class or rename it.
  RuntimeWarning)
/root/anaconda3/lib/python3.6/site-packages/deap/creator.py:141: RuntimeWarning: A class named 'Individual' has already been created and it will be overwritten. Consider deleting previous creation of that class or rename it.
  RuntimeWarning)
/root/mpi_projects/icaro/SleepEEG/Exp/operator_set.py:5: RuntimeWarning: divide by zero encountered in double_scalars
  return left / right
/root/anaconda3/lib/python3.6/site-packages/sklearn/naive_bayes.py:432: RuntimeWarning: divide by zero encountered in log
  n_ij = - 0.5 * np.sum(np.log(2. * np.pi * self.sigma_[i, :]))
/root/anaconda3/lib/python3.6/site-packages/sklearn/naive_bayes.py:434: RuntimeWarning: invalid value encountered in true_divide
  (self.sigma_[i, :]), 1)
/root/anaconda3/lib/python3.6/site-packages/deap/creator.py:141: RuntimeWarning: A class named 'FitnessMulti' has already been created and it will be overwritten. Consider deleting previous creation of that class or rename it.
  RuntimeWarning)
/root/anaconda3/lib/python3.6/site-packages/deap/creator.py:141: RuntimeWarning: A class named 'Individual' has already been created and it will be overwritten. Consider deleting previous creation of that class or rename it.
  RuntimeWarning)
/root/mpi_projects/icaro/SleepEEG/Exp/operator_set.py:5: RuntimeWarning: invalid value encountered in double_scalars
  return left / right
<string>:1: RuntimeWarning: invalid value encountered in double_scalars
<string>:1: RuntimeWarning: invalid value encountered in double_scalars
<string>:1: RuntimeWarning: invalid value encountered in double_scalars
<string>:1: RuntimeWarning: invalid value encountered in double_scalars
<string>:1: RuntimeWarning: invalid value encountered in double_scalars
<string>:1: RuntimeWarning: invalid value encountered in double_scalars
/root/mpi_projects/icaro/SleepEEG/Exp/operator_set.py:5: RuntimeWarning: divide by zero encountered in double_scalars
  return left / right
/root/anaconda3/lib/python3.6/site-packages/deap/creator.py:141: RuntimeWarning: A class named 'FitnessMulti' has already been created and it will be overwritten. Consider deleting previous creation of that class or rename it.
  RuntimeWarning)
/root/anaconda3/lib/python3.6/site-packages/deap/creator.py:141: RuntimeWarning: A class named 'Individual' has already been created and it will be overwritten. Consider deleting previous creation of that class or rename it.
  RuntimeWarning)
/root/mpi_projects/icaro/SleepEEG/Exp/operator_set.py:5: RuntimeWarning: invalid value encountered in double_scalars
  return left / right
/root/anaconda3/lib/python3.6/site-packages/sklearn/neural_network/multilayer_perceptron.py:563: ConvergenceWarning: Stochastic Optimizer: Maximum iterations reached and the optimization hasn't converged yet.
  % (), ConvergenceWarning)
/root/mpi_projects/icaro/SleepEEG/Exp/operator_set.py:5: RuntimeWarning: divide by zero encountered in double_scalars
  return left / right
/root/anaconda3/lib/python3.6/site-packages/deap/creator.py:141: RuntimeWarning: A class named 'FitnessMulti' has already been created and it will be overwritten. Consider deleting previous creation of that class or rename it.
  RuntimeWarning)
/root/anaconda3/lib/python3.6/site-packages/deap/creator.py:141: RuntimeWarning: A class named 'Individual' has already been created and it will be overwritten. Consider deleting previous creation of that class or rename it.
  RuntimeWarning)
/root/mpi_projects/icaro/SleepEEG/Exp/operator_set.py:5: RuntimeWarning: invalid value encountered in double_scalars
  return left / right
/root/mpi_projects/icaro/SleepEEG/Exp/operator_set.py:5: RuntimeWarning: divide by zero encountered in double_scalars
  return left / right
/root/anaconda3/lib/python3.6/site-packages/numpy/core/_methods.py:32: RuntimeWarning: invalid value encountered in reduce
  return umr_sum(a, axis, dtype, out, keepdims)
Traceback (most recent call last):
  File "main.py", line 420, in <module>
    train_type = train_type)
  File "main.py", line 227, in main
    fitnesses = list(map(toolbox.evaluate, offspring))
  File "/root/mpi_projects/icaro/SleepEEG/Exp/fitness_function.py", line 141, in eval_tree
    y_pred = feature_construction(individual, clf, param, X_train, y_train, X_test, pset)
  File "/root/mpi_projects/icaro/SleepEEG/Exp/fitness_function.py", line 78, in feature_construction
    y_pred = classifier.predict(X_test_new)
  File "/root/anaconda3/lib/python3.6/site-packages/sklearn/tree/tree.py", line 404, in predict
    X = self._validate_X_predict(X, check_input)
  File "/root/anaconda3/lib/python3.6/site-packages/sklearn/tree/tree.py", line 365, in _validate_X_predict
    X = check_array(X, dtype=DTYPE, accept_sparse="csr")
  File "/root/anaconda3/lib/python3.6/site-packages/sklearn/utils/validation.py", line 407, in check_array
    _assert_all_finite(array)
  File "/root/anaconda3/lib/python3.6/site-packages/sklearn/utils/validation.py", line 58, in _assert_all_finite
    " or a value too large for %r." % X.dtype)
ValueError: Input contains NaN, infinity or a value too large for dtype('float32').
/root/mpi_projects/icaro/SleepEEG/Exp/operator_set.py:5: RuntimeWarning: divide by zero encountered in double_scalars
  return left / right
/root/anaconda3/lib/python3.6/site-packages/sklearn/naive_bayes.py:428: RuntimeWarning: divide by zero encountered in log
  n_ij = - 0.5 * np.sum(np.log(2. * np.pi * self.sigma_[i, :]))
/root/anaconda3/lib/python3.6/site-packages/sklearn/naive_bayes.py:430: RuntimeWarning: invalid value encountered in true_divide
  (self.sigma_[i, :]), 1)
/root/anaconda3/lib/python3.6/site-packages/numpy/core/_methods.py:32: RuntimeWarning: invalid value encountered in reduce
  return umr_sum(a, axis, dtype, out, keepdims)
/root/anaconda3/lib/python3.6/site-packages/deap/creator.py:141: RuntimeWarning: A class named 'FitnessMulti' has already been created and it will be overwritten. Consider deleting previous creation of that class or rename it.
  RuntimeWarning)
/root/anaconda3/lib/python3.6/site-packages/deap/creator.py:141: RuntimeWarning: A class named 'Individual' has already been created and it will be overwritten. Consider deleting previous creation of that class or rename it.
  RuntimeWarning)
Traceback (most recent call last):
  File "main.py", line 420, in <module>
    train_type = train_type)
  File "main.py", line 227, in main
    fitnesses = list(map(toolbox.evaluate, offspring))
  File "/root/mpi_projects/icaro/SleepEEG/Exp/fitness_function.py", line 141, in eval_tree
    y_pred = feature_construction(individual, clf, param, X_train, y_train, X_test, pset)
  File "/root/mpi_projects/icaro/SleepEEG/Exp/fitness_function.py", line 78, in feature_construction
    y_pred = classifier.predict(X_test_new)
  File "/root/anaconda3/lib/python3.6/site-packages/sklearn/naive_bayes.py", line 65, in predict
    jll = self._joint_log_likelihood(X)
  File "/root/anaconda3/lib/python3.6/site-packages/sklearn/naive_bayes.py", line 424, in _joint_log_likelihood
    X = check_array(X)
  File "/root/anaconda3/lib/python3.6/site-packages/sklearn/utils/validation.py", line 407, in check_array
    _assert_all_finite(array)
  File "/root/anaconda3/lib/python3.6/site-packages/sklearn/utils/validation.py", line 58, in _assert_all_finite
    " or a value too large for %r." % X.dtype)
ValueError: Input contains NaN, infinity or a value too large for dtype('float64').
/root/anaconda3/lib/python3.6/site-packages/sklearn/neural_network/multilayer_perceptron.py:563: ConvergenceWarning: Stochastic Optimizer: Maximum iterations reached and the optimization hasn't converged yet.
  % (), ConvergenceWarning)
/root/mpi_projects/icaro/SleepEEG/Exp/operator_set.py:5: RuntimeWarning: divide by zero encountered in double_scalars
  return left / right
/root/anaconda3/lib/python3.6/site-packages/deap/creator.py:141: RuntimeWarning: A class named 'FitnessMulti' has already been created and it will be overwritten. Consider deleting previous creation of that class or rename it.
  RuntimeWarning)
/root/anaconda3/lib/python3.6/site-packages/deap/creator.py:141: RuntimeWarning: A class named 'Individual' has already been created and it will be overwritten. Consider deleting previous creation of that class or rename it.
  RuntimeWarning)
/root/mpi_projects/icaro/SleepEEG/Exp/operator_set.py:5: RuntimeWarning: divide by zero encountered in double_scalars
  return left / right
/root/anaconda3/lib/python3.6/site-packages/numpy/core/_methods.py:32: RuntimeWarning: invalid value encountered in reduce
  return umr_sum(a, axis, dtype, out, keepdims)
/root/anaconda3/lib/python3.6/site-packages/deap/creator.py:141: RuntimeWarning: A class named 'FitnessMulti' has already been created and it will be overwritten. Consider deleting previous creation of that class or rename it.
  RuntimeWarning)
/root/anaconda3/lib/python3.6/site-packages/deap/creator.py:141: RuntimeWarning: A class named 'Individual' has already been created and it will be overwritten. Consider deleting previous creation of that class or rename it.
  RuntimeWarning)
Traceback (most recent call last):
  File "main.py", line 420, in <module>
    train_type = train_type)
  File "main.py", line 227, in main
    fitnesses = list(map(toolbox.evaluate, offspring))
  File "/root/mpi_projects/icaro/SleepEEG/Exp/fitness_function.py", line 141, in eval_tree
    y_pred = feature_construction(individual, clf, param, X_train, y_train, X_test, pset)
  File "/root/mpi_projects/icaro/SleepEEG/Exp/fitness_function.py", line 78, in feature_construction
    y_pred = classifier.predict(X_test_new)
  File "/root/anaconda3/lib/python3.6/site-packages/sklearn/tree/tree.py", line 404, in predict
    X = self._validate_X_predict(X, check_input)
  File "/root/anaconda3/lib/python3.6/site-packages/sklearn/tree/tree.py", line 365, in _validate_X_predict
    X = check_array(X, dtype=DTYPE, accept_sparse="csr")
  File "/root/anaconda3/lib/python3.6/site-packages/sklearn/utils/validation.py", line 407, in check_array
    _assert_all_finite(array)
  File "/root/anaconda3/lib/python3.6/site-packages/sklearn/utils/validation.py", line 58, in _assert_all_finite
    " or a value too large for %r." % X.dtype)
ValueError: Input contains NaN, infinity or a value too large for dtype('float32').
/root/anaconda3/lib/python3.6/site-packages/sklearn/neural_network/multilayer_perceptron.py:563: ConvergenceWarning: Stochastic Optimizer: Maximum iterations reached and the optimization hasn't converged yet.
  % (), ConvergenceWarning)
/root/mpi_projects/icaro/SleepEEG/Exp/operator_set.py:5: RuntimeWarning: divide by zero encountered in double_scalars
  return left / right
/root/anaconda3/lib/python3.6/site-packages/deap/creator.py:141: RuntimeWarning: A class named 'FitnessMulti' has already been created and it will be overwritten. Consider deleting previous creation of that class or rename it.
  RuntimeWarning)
/root/anaconda3/lib/python3.6/site-packages/deap/creator.py:141: RuntimeWarning: A class named 'Individual' has already been created and it will be overwritten. Consider deleting previous creation of that class or rename it.
  RuntimeWarning)
/root/mpi_projects/icaro/SleepEEG/Exp/operator_set.py:5: RuntimeWarning: divide by zero encountered in double_scalars
  return left / right
/root/anaconda3/lib/python3.6/site-packages/deap/creator.py:141: RuntimeWarning: A class named 'FitnessMulti' has already been created and it will be overwritten. Consider deleting previous creation of that class or rename it.
  RuntimeWarning)
/root/anaconda3/lib/python3.6/site-packages/deap/creator.py:141: RuntimeWarning: A class named 'Individual' has already been created and it will be overwritten. Consider deleting previous creation of that class or rename it.
  RuntimeWarning)
/root/mpi_projects/icaro/SleepEEG/Exp/operator_set.py:5: RuntimeWarning: divide by zero encountered in double_scalars
  return left / right
/root/anaconda3/lib/python3.6/site-packages/numpy/core/_methods.py:32: RuntimeWarning: invalid value encountered in reduce
  return umr_sum(a, axis, dtype, out, keepdims)
/root/mpi_projects/icaro/SleepEEG/Exp/operator_set.py:5: RuntimeWarning: invalid value encountered in double_scalars
  return left / right
/root/anaconda3/lib/python3.6/site-packages/deap/creator.py:141: RuntimeWarning: A class named 'FitnessMulti' has already been created and it will be overwritten. Consider deleting previous creation of that class or rename it.
  RuntimeWarning)
/root/anaconda3/lib/python3.6/site-packages/deap/creator.py:141: RuntimeWarning: A class named 'Individual' has already been created and it will be overwritten. Consider deleting previous creation of that class or rename it.
  RuntimeWarning)
/root/mpi_projects/icaro/SleepEEG/Exp/operator_set.py:5: RuntimeWarning: divide by zero encountered in double_scalars
  return left / right
/root/anaconda3/lib/python3.6/site-packages/numpy/core/_methods.py:32: RuntimeWarning: invalid value encountered in reduce
  return umr_sum(a, axis, dtype, out, keepdims)
/root/anaconda3/lib/python3.6/site-packages/deap/creator.py:141: RuntimeWarning: A class named 'FitnessMulti' has already been created and it will be overwritten. Consider deleting previous creation of that class or rename it.
  RuntimeWarning)
/root/anaconda3/lib/python3.6/site-packages/deap/creator.py:141: RuntimeWarning: A class named 'Individual' has already been created and it will be overwritten. Consider deleting previous creation of that class or rename it.
  RuntimeWarning)
/root/mpi_projects/icaro/SleepEEG/Exp/operator_set.py:5: RuntimeWarning: invalid value encountered in double_scalars
  return left / right
/root/mpi_projects/icaro/SleepEEG/Exp/operator_set.py:5: RuntimeWarning: divide by zero encountered in double_scalars
  return left / right
/root/anaconda3/lib/python3.6/site-packages/numpy/core/_methods.py:32: RuntimeWarning: invalid value encountered in reduce
  return umr_sum(a, axis, dtype, out, keepdims)
/root/anaconda3/lib/python3.6/site-packages/deap/creator.py:141: RuntimeWarning: A class named 'FitnessMulti' has already been created and it will be overwritten. Consider deleting previous creation of that class or rename it.
  RuntimeWarning)
/root/anaconda3/lib/python3.6/site-packages/deap/creator.py:141: RuntimeWarning: A class named 'Individual' has already been created and it will be overwritten. Consider deleting previous creation of that class or rename it.
  RuntimeWarning)
/root/mpi_projects/icaro/SleepEEG/Exp/operator_set.py:5: RuntimeWarning: invalid value encountered in double_scalars
  return left / right
/root/mpi_projects/icaro/SleepEEG/Exp/operator_set.py:5: RuntimeWarning: divide by zero encountered in double_scalars
  return left / right
/root/anaconda3/lib/python3.6/site-packages/numpy/core/_methods.py:32: RuntimeWarning: invalid value encountered in reduce
  return umr_sum(a, axis, dtype, out, keepdims)
/root/anaconda3/lib/python3.6/site-packages/deap/creator.py:141: RuntimeWarning: A class named 'FitnessMulti' has already been created and it will be overwritten. Consider deleting previous creation of that class or rename it.
  RuntimeWarning)
/root/anaconda3/lib/python3.6/site-packages/deap/creator.py:141: RuntimeWarning: A class named 'Individual' has already been created and it will be overwritten. Consider deleting previous creation of that class or rename it.
  RuntimeWarning)
