/root/anaconda3/lib/python3.6/site-packages/sklearn/metrics/classification.py:1113: UndefinedMetricWarning: Precision and F-score are ill-defined and being set to 0.0 in labels with no predicted samples.
  'precision', 'predicted', average, warn_for)
gp_teste3_1.py:92: RuntimeWarning: divide by zero encountered in double_scalars
  return left / right
>> GP Feature Selection: 
>> Inicio (Execucao 15)
>> Fim da execucao (16840.56436395645 segundos)

Traceback (most recent call last):
  File "gp_teste3_1.py", line 369, in <module>
    FILE_NAME = filename)
  File "gp_teste3_1.py", line 326, in main
    info1.write(str(TAM_MAX) + ',' + str(K) + ',' +  str(NEXEC + 1) + ',' + str(toolbox.evaluate(hof[0])[2]) + ',' + str(acc1[0][0]) + ',' + str(acc1[0][1]) + ',' + str(acc1[1][0])  + ',' + str(acc1[1][1]) + ',' + str(acc1[2][0]) + ',' + str(acc1[2][1]) + ',' + str(acc1[3][0]) + ',' + str(acc1[3][1]) + ','  + str(hof[0].height) + ',' + str(end-start) + '\n')
TypeError: 'int' object is not subscriptable
/root/anaconda3/lib/python3.6/site-packages/sklearn/metrics/classification.py:1113: UndefinedMetricWarning: Precision and F-score are ill-defined and being set to 0.0 in labels with no predicted samples.
  'precision', 'predicted', average, warn_for)
gp_teste3_1.py:92: RuntimeWarning: divide by zero encountered in double_scalars
  return left / right
>> GP Feature Selection: 
>> Inicio (Execucao 15)
>> Fim da execucao (21587.89270091057 segundos)

Traceback (most recent call last):
  File "gp_teste3_1.py", line 369, in <module>
    FILE_NAME = filename)
  File "gp_teste3_1.py", line 326, in main
    info1.write(str(TAM_MAX) + ',' + str(K) + ',' +  str(NEXEC + 1) + ',' + str(toolbox.evaluate(hof[0])[2]) + ',' + str(acc1[0][0]) + ',' + str(acc1[0][1]) + ',' + str(acc1[1][0])  + ',' + str(acc1[1][1]) + ',' + str(acc1[2][0]) + ',' + str(acc1[2][1]) + ',' + str(acc1[3][0]) + ',' + str(acc1[3][1]) + ','  + str(hof[0].height) + ',' + str(end-start) + '\n')
TypeError: 'int' object is not subscriptable
/root/anaconda3/lib/python3.6/site-packages/sklearn/metrics/classification.py:1113: UndefinedMetricWarning: Precision and F-score are ill-defined and being set to 0.0 in labels with no predicted samples.
  'precision', 'predicted', average, warn_for)
>> GP Feature Selection: 
>> Inicio (Execucao 15)
>> Fim da execucao (22238.108932495117 segundos)

Traceback (most recent call last):
  File "gp_teste3_1.py", line 369, in <module>
    FILE_NAME = filename)
  File "gp_teste3_1.py", line 326, in main
    info1.write(str(TAM_MAX) + ',' + str(K) + ',' +  str(NEXEC + 1) + ',' + str(toolbox.evaluate(hof[0])[2]) + ',' + str(acc1[0][0]) + ',' + str(acc1[0][1]) + ',' + str(acc1[1][0])  + ',' + str(acc1[1][1]) + ',' + str(acc1[2][0]) + ',' + str(acc1[2][1]) + ',' + str(acc1[3][0]) + ',' + str(acc1[3][1]) + ','  + str(hof[0].height) + ',' + str(end-start) + '\n')
TypeError: 'int' object is not subscriptable
